<?xml version="1.0" encoding="UTF-8"?>
<testsuite name="BinaryTrees.BinTreeTest" tests="4" skipped="0" failures="0" errors="0" timestamp="2021-12-14T04:32:16" hostname="DESKTOP-CDVU9T9" time="0.035">
  <properties/>
  <testcase name="simpleTest()" classname="BinaryTrees.BinTreeTest" time="0.025"/>
  <testcase name="delete()" classname="BinaryTrees.BinTreeTest" time="0.006"/>
  <testcase name="contains()" classname="BinaryTrees.BinTreeTest" time="0.001"/>
  <testcase name="add()" classname="BinaryTrees.BinTreeTest" time="0.001"/>
  <system-out><![CDATA[This should work?
Testing delete
End of contains
]]></system-out>
  <system-err><![CDATA[]]></system-err>
</testsuite>
